============================= test session starts =============================
platform win32 -- Python 3.13.2, pytest-8.4.0, pluggy-1.6.0 -- C:\Users\anton\AppData\Local\Programs\Python\Python313\python.exe
cachedir: .pytest_cache
rootdir: C:\Users\anton\Desktop\Windows_helpful_scripts\woodyboxbot
configfile: pytest.ini
plugins: anyio-4.9.0, asyncio-1.0.0, mock-3.14.1
asyncio: mode=Mode.AUTO, asyncio_default_fixture_loop_scope=None, asyncio_default_test_loop_scope=function
collecting ... collected 13 items

tests/test_callbacks.py::test_back_button PASSED                         [  7%]
tests/test_callbacks.py::test_info_button PASSED                         [ 15%]
tests/test_callbacks.py::test_prices_button PASSED                       [ 23%]
tests/test_commands.py::test_start_command PASSED                        [ 30%]
tests/test_events.py::test_new_member_event PASSED                       [ 38%]
tests/test_events.py::test_new_member_wrong_channel PASSED               [ 46%]
tests/test_events.py::test_new_member_is_bot PASSED                      [ 53%]
tests/test_events.py::test_multiple_new_members PASSED                   [ 61%]
tests/test_keyboards.py::test_main_menu_keyboard PASSED                  [ 69%]
tests/test_keyboards.py::test_back_to_menu_keyboard PASSED               [ 76%]
tests/test_keyboards.py::test_booking_keyboard PASSED                    [ 84%]
tests/test_notifications.py::test_notify_user_in_channel_success PASSED  [ 92%]
tests/test_notifications.py::test_notify_user_in_channel_error PASSED    [100%]

============================= 13 passed in 0.60s ==============================
